=> Booting Puma
=> Rails 8.0.3 application starting in development 
=> Run `bin/rails server --help` for more startup options
Puma starting in single mode...
* Puma version: 7.0.4 ("Romantic Warrior")
* Ruby version: ruby 3.4.2 (2025-02-15 revision d2930f8e7a) +YJIT +PRISM [x86_64-linux]
*  Min threads: 3
*  Max threads: 3
*  Environment: development
*          PID: 1814369
* Listening on http://127.0.0.1:3001
* Listening on http://[::1]:3001
Use Ctrl-C to stop
Started GET "/api/v1/persons" for 127.0.0.1 at 2025-09-26 19:24:50 +0200
  [1m[36mActiveRecord::SchemaMigration Load (1.8ms)[0m  [1m[34mSELECT "schema_migrations"."version" FROM "schema_migrations" ORDER BY "schema_migrations"."version" ASC /*application='Backend'*/[0m
Processing by Api::V1::PersonsController#index as */*
  [1m[36mPerson Load (1.0ms)[0m  [1m[34mSELECT "people".* FROM "people" ORDER BY "people"."date_encounter" DESC /*action='index',application='Backend',controller='persons'*/[0m
  ↳ app/controllers/api/v1/persons_controller.rb:7:in 'Enumerable#map'
  [1m[36mActiveStorage::Attachment Load (3.0ms)[0m  [1m[34mSELECT "active_storage_attachments".* FROM "active_storage_attachments" WHERE "active_storage_attachments"."record_id" = 8 AND "active_storage_attachments"."record_type" = 'Person' AND "active_storage_attachments"."name" = 'photo' LIMIT 1 /*action='index',application='Backend',controller='persons'*/[0m
  ↳ app/models/person.rb:47:in 'Person#photo_url'
  [1m[36mActiveStorage::Attachment Load (0.6ms)[0m  [1m[34mSELECT "active_storage_attachments".* FROM "active_storage_attachments" WHERE "active_storage_attachments"."record_id" = 8 AND "active_storage_attachments"."record_type" = 'Person' AND "active_storage_attachments"."name" = 'document' LIMIT 1 /*action='index',application='Backend',controller='persons'*/[0m
  ↳ app/models/person.rb:51:in 'Person#document_url'
  [1m[36mActiveStorage::Attachment Load (1.5ms)[0m  [1m[34mSELECT "active_storage_attachments".* FROM "active_storage_attachments" WHERE "active_storage_attachments"."record_id" = 7 AND "active_storage_attachments"."record_type" = 'Person' AND "active_storage_attachments"."name" = 'photo' LIMIT 1 /*action='index',application='Backend',controller='persons'*/[0m
  ↳ app/models/person.rb:47:in 'Person#photo_url'
  [1m[36mActiveStorage::Attachment Load (2.8ms)[0m  [1m[34mSELECT "active_storage_attachments".* FROM "active_storage_attachments" WHERE "active_storage_attachments"."record_id" = 7 AND "active_storage_attachments"."record_type" = 'Person' AND "active_storage_attachments"."name" = 'document' LIMIT 1 /*action='index',application='Backend',controller='persons'*/[0m
  ↳ app/models/person.rb:51:in 'Person#document_url'
  [1m[36mActiveStorage::Attachment Load (0.5ms)[0m  [1m[34mSELECT "active_storage_attachments".* FROM "active_storage_attachments" WHERE "active_storage_attachments"."record_id" = 13 AND "active_storage_attachments"."record_type" = 'Person' AND "active_storage_attachments"."name" = 'photo' LIMIT 1 /*action='index',application='Backend',controller='persons'*/[0m
  ↳ app/models/person.rb:47:in 'Person#photo_url'
  [1m[36mActiveStorage::Attachment Load (0.8ms)[0m  [1m[34mSELECT "active_storage_attachments".* FROM "active_storage_attachments" WHERE "active_storage_attachments"."record_id" = 13 AND "active_storage_attachments"."record_type" = 'Person' AND "active_storage_attachments"."name" = 'document' LIMIT 1 /*action='index',application='Backend',controller='persons'*/[0m
  ↳ app/models/person.rb:51:in 'Person#document_url'
  [1m[36mActiveStorage::Attachment Load (0.4ms)[0m  [1m[34mSELECT "active_storage_attachments".* FROM "active_storage_attachments" WHERE "active_storage_attachments"."record_id" = 2 AND "active_storage_attachments"."record_type" = 'Person' AND "active_storage_attachments"."name" = 'photo' LIMIT 1 /*action='index',application='Backend',controller='persons'*/[0m
  ↳ app/models/person.rb:47:in 'Person#photo_url'
  [1m[36mActiveStorage::Attachment Load (0.5ms)[0m  [1m[34mSELECT "active_storage_attachments".* FROM "active_storage_attachments" WHERE "active_storage_attachments"."record_id" = 2 AND "active_storage_attachments"."record_type" = 'Person' AND "active_storage_attachments"."name" = 'document' LIMIT 1 /*action='index',application='Backend',controller='persons'*/[0m
  ↳ app/models/person.rb:51:in 'Person#document_url'
  [1m[36mActiveStorage::Attachment Load (1.2ms)[0m  [1m[34mSELECT "active_storage_attachments".* FROM "active_storage_attachments" WHERE "active_storage_attachments"."record_id" = 5 AND "active_storage_attachments"."record_type" = 'Person' AND "active_storage_attachments"."name" = 'photo' LIMIT 1 /*action='index',application='Backend',controller='persons'*/[0m
  ↳ app/models/person.rb:47:in 'Person#photo_url'
  [1m[36mActiveStorage::Attachment Load (0.6ms)[0m  [1m[34mSELECT "active_storage_attachments".* FROM "active_storage_attachments" WHERE "active_storage_attachments"."record_id" = 5 AND "active_storage_attachments"."record_type" = 'Person' AND "active_storage_attachments"."name" = 'document' LIMIT 1 /*action='index',application='Backend',controller='persons'*/[0m
  ↳ app/models/person.rb:51:in 'Person#document_url'
  [1m[36mActiveStorage::Attachment Load (0.5ms)[0m  [1m[34mSELECT "active_storage_attachments".* FROM "active_storage_attachments" WHERE "active_storage_attachments"."record_id" = 9 AND "active_storage_attachments"."record_type" = 'Person' AND "active_storage_attachments"."name" = 'photo' LIMIT 1 /*action='index',application='Backend',controller='persons'*/[0m
  ↳ app/models/person.rb:47:in 'Person#photo_url'
  [1m[36mActiveStorage::Attachment Load (0.6ms)[0m  [1m[34mSELECT "active_storage_attachments".* FROM "active_storage_attachments" WHERE "active_storage_attachments"."record_id" = 9 AND "active_storage_attachments"."record_type" = 'Person' AND "active_storage_attachments"."name" = 'document' LIMIT 1 /*action='index',application='Backend',controller='persons'*/[0m
  ↳ app/models/person.rb:51:in 'Person#document_url'
  [1m[36mActiveStorage::Attachment Load (0.5ms)[0m  [1m[34mSELECT "active_storage_attachments".* FROM "active_storage_attachments" WHERE "active_storage_attachments"."record_id" = 6 AND "active_storage_attachments"."record_type" = 'Person' AND "active_storage_attachments"."name" = 'photo' LIMIT 1 /*action='index',application='Backend',controller='persons'*/[0m
  ↳ app/models/person.rb:47:in 'Person#photo_url'
  [1m[36mActiveStorage::Attachment Load (0.5ms)[0m  [1m[34mSELECT "active_storage_attachments".* FROM "active_storage_attachments" WHERE "active_storage_attachments"."record_id" = 6 AND "active_storage_attachments"."record_type" = 'Person' AND "active_storage_attachments"."name" = 'document' LIMIT 1 /*action='index',application='Backend',controller='persons'*/[0m
  ↳ app/models/person.rb:51:in 'Person#document_url'
  [1m[36mActiveStorage::Attachment Load (0.5ms)[0m  [1m[34mSELECT "active_storage_attachments".* FROM "active_storage_attachments" WHERE "active_storage_attachments"."record_id" = 1 AND "active_storage_attachments"."record_type" = 'Person' AND "active_storage_attachments"."name" = 'photo' LIMIT 1 /*action='index',application='Backend',controller='persons'*/[0m
  ↳ app/models/person.rb:47:in 'Person#photo_url'
  [1m[36mActiveStorage::Attachment Load (0.5ms)[0m  [1m[34mSELECT "active_storage_attachments".* FROM "active_storage_attachments" WHERE "active_storage_attachments"."record_id" = 1 AND "active_storage_attachments"."record_type" = 'Person' AND "active_storage_attachments"."name" = 'document' LIMIT 1 /*action='index',application='Backend',controller='persons'*/[0m
  ↳ app/models/person.rb:51:in 'Person#document_url'
  [1m[36mActiveStorage::Attachment Load (0.5ms)[0m  [1m[34mSELECT "active_storage_attachments".* FROM "active_storage_attachments" WHERE "active_storage_attachments"."record_id" = 4 AND "active_storage_attachments"."record_type" = 'Person' AND "active_storage_attachments"."name" = 'photo' LIMIT 1 /*action='index',application='Backend',controller='persons'*/[0m
  ↳ app/models/person.rb:47:in 'Person#photo_url'
  [1m[36mActiveStorage::Attachment Load (0.6ms)[0m  [1m[34mSELECT "active_storage_attachments".* FROM "active_storage_attachments" WHERE "active_storage_attachments"."record_id" = 4 AND "active_storage_attachments"."record_type" = 'Person' AND "active_storage_attachments"."name" = 'document' LIMIT 1 /*action='index',application='Backend',controller='persons'*/[0m
  ↳ app/models/person.rb:51:in 'Person#document_url'
  [1m[36mActiveStorage::Attachment Load (0.8ms)[0m  [1m[34mSELECT "active_storage_attachments".* FROM "active_storage_attachments" WHERE "active_storage_attachments"."record_id" = 3 AND "active_storage_attachments"."record_type" = 'Person' AND "active_storage_attachments"."name" = 'photo' LIMIT 1 /*action='index',application='Backend',controller='persons'*/[0m
  ↳ app/models/person.rb:47:in 'Person#photo_url'
  [1m[36mActiveStorage::Attachment Load (0.5ms)[0m  [1m[34mSELECT "active_storage_attachments".* FROM "active_storage_attachments" WHERE "active_storage_attachments"."record_id" = 3 AND "active_storage_attachments"."record_type" = 'Person' AND "active_storage_attachments"."name" = 'document' LIMIT 1 /*action='index',application='Backend',controller='persons'*/[0m
  ↳ app/models/person.rb:51:in 'Person#document_url'
  [1m[36mActiveStorage::Attachment Load (0.6ms)[0m  [1m[34mSELECT "active_storage_attachments".* FROM "active_storage_attachments" WHERE "active_storage_attachments"."record_id" = 11 AND "active_storage_attachments"."record_type" = 'Person' AND "active_storage_attachments"."name" = 'photo' LIMIT 1 /*action='index',application='Backend',controller='persons'*/[0m
  ↳ app/models/person.rb:47:in 'Person#photo_url'
  [1m[36mActiveStorage::Attachment Load (0.5ms)[0m  [1m[34mSELECT "active_storage_attachments".* FROM "active_storage_attachments" WHERE "active_storage_attachments"."record_id" = 11 AND "active_storage_attachments"."record_type" = 'Person' AND "active_storage_attachments"."name" = 'document' LIMIT 1 /*action='index',application='Backend',controller='persons'*/[0m
  ↳ app/models/person.rb:51:in 'Person#document_url'
  [1m[36mActiveStorage::Attachment Load (0.6ms)[0m  [1m[34mSELECT "active_storage_attachments".* FROM "active_storage_attachments" WHERE "active_storage_attachments"."record_id" = 10 AND "active_storage_attachments"."record_type" = 'Person' AND "active_storage_attachments"."name" = 'photo' LIMIT 1 /*action='index',application='Backend',controller='persons'*/[0m
  ↳ app/models/person.rb:47:in 'Person#photo_url'
  [1m[36mActiveStorage::Attachment Load (0.7ms)[0m  [1m[34mSELECT "active_storage_attachments".* FROM "active_storage_attachments" WHERE "active_storage_attachments"."record_id" = 10 AND "active_storage_attachments"."record_type" = 'Person' AND "active_storage_attachments"."name" = 'document' LIMIT 1 /*action='index',application='Backend',controller='persons'*/[0m
  ↳ app/models/person.rb:51:in 'Person#document_url'
  [1m[36mActiveStorage::Attachment Load (0.5ms)[0m  [1m[34mSELECT "active_storage_attachments".* FROM "active_storage_attachments" WHERE "active_storage_attachments"."record_id" = 12 AND "active_storage_attachments"."record_type" = 'Person' AND "active_storage_attachments"."name" = 'photo' LIMIT 1 /*action='index',application='Backend',controller='persons'*/[0m
  ↳ app/models/person.rb:47:in 'Person#photo_url'
  [1m[36mActiveStorage::Attachment Load (0.5ms)[0m  [1m[34mSELECT "active_storage_attachments".* FROM "active_storage_attachments" WHERE "active_storage_attachments"."record_id" = 12 AND "active_storage_attachments"."record_type" = 'Person' AND "active_storage_attachments"."name" = 'document' LIMIT 1 /*action='index',application='Backend',controller='persons'*/[0m
  ↳ app/models/person.rb:51:in 'Person#document_url'
  [1m[36mActiveStorage::Attachment Load (1.3ms)[0m  [1m[34mSELECT "active_storage_attachments".* FROM "active_storage_attachments" WHERE "active_storage_attachments"."record_id" = 14 AND "active_storage_attachments"."record_type" = 'Person' AND "active_storage_attachments"."name" = 'photo' LIMIT 1 /*action='index',application='Backend',controller='persons'*/[0m
  ↳ app/models/person.rb:47:in 'Person#photo_url'
  [1m[36mActiveStorage::Attachment Load (0.5ms)[0m  [1m[34mSELECT "active_storage_attachments".* FROM "active_storage_attachments" WHERE "active_storage_attachments"."record_id" = 14 AND "active_storage_attachments"."record_type" = 'Person' AND "active_storage_attachments"."name" = 'document' LIMIT 1 /*action='index',application='Backend',controller='persons'*/[0m
  ↳ app/models/person.rb:51:in 'Person#document_url'
  [1m[36mActiveStorage::Attachment Load (0.7ms)[0m  [1m[34mSELECT "active_storage_attachments".* FROM "active_storage_attachments" WHERE "active_storage_attachments"."record_id" = 15 AND "active_storage_attachments"."record_type" = 'Person' AND "active_storage_attachments"."name" = 'photo' LIMIT 1 /*action='index',application='Backend',controller='persons'*/[0m
  ↳ app/models/person.rb:47:in 'Person#photo_url'
  [1m[36mActiveStorage::Attachment Load (0.7ms)[0m  [1m[34mSELECT "active_storage_attachments".* FROM "active_storage_attachments" WHERE "active_storage_attachments"."record_id" = 15 AND "active_storage_attachments"."record_type" = 'Person' AND "active_storage_attachments"."name" = 'document' LIMIT 1 /*action='index',application='Backend',controller='persons'*/[0m
  ↳ app/models/person.rb:51:in 'Person#document_url'
Completed 200 OK in 899ms (Views: 30.4ms | ActiveRecord: 67.9ms (31 queries, 0 cached) | GC: 0.0ms)


Started GET "/" for 127.0.0.1 at 2025-09-26 19:24:55 +0200
Processing by Api::V1::PersonsController#index as HTML
  [1m[36mPerson Load (1.4ms)[0m  [1m[34mSELECT "people".* FROM "people" ORDER BY "people"."date_encounter" DESC /*action='index',application='Backend',controller='persons'*/[0m
  ↳ app/controllers/api/v1/persons_controller.rb:7:in 'Enumerable#map'
  [1m[36mActiveStorage::Attachment Load (0.6ms)[0m  [1m[34mSELECT "active_storage_attachments".* FROM "active_storage_attachments" WHERE "active_storage_attachments"."record_id" = 8 AND "active_storage_attachments"."record_type" = 'Person' AND "active_storage_attachments"."name" = 'photo' LIMIT 1 /*action='index',application='Backend',controller='persons'*/[0m
  ↳ app/models/person.rb:47:in 'Person#photo_url'
  [1m[36mActiveStorage::Attachment Load (0.5ms)[0m  [1m[34mSELECT "active_storage_attachments".* FROM "active_storage_attachments" WHERE "active_storage_attachments"."record_id" = 8 AND "active_storage_attachments"."record_type" = 'Person' AND "active_storage_attachments"."name" = 'document' LIMIT 1 /*action='index',application='Backend',controller='persons'*/[0m
  ↳ app/models/person.rb:51:in 'Person#document_url'
  [1m[36mActiveStorage::Attachment Load (0.6ms)[0m  [1m[34mSELECT "active_storage_attachments".* FROM "active_storage_attachments" WHERE "active_storage_attachments"."record_id" = 7 AND "active_storage_attachments"."record_type" = 'Person' AND "active_storage_attachments"."name" = 'photo' LIMIT 1 /*action='index',application='Backend',controller='persons'*/[0m
  ↳ app/models/person.rb:47:in 'Person#photo_url'
  [1m[36mActiveStorage::Attachment Load (0.6ms)[0m  [1m[34mSELECT "active_storage_attachments".* FROM "active_storage_attachments" WHERE "active_storage_attachments"."record_id" = 7 AND "active_storage_attachments"."record_type" = 'Person' AND "active_storage_attachments"."name" = 'document' LIMIT 1 /*action='index',application='Backend',controller='persons'*/[0m
  ↳ app/models/person.rb:51:in 'Person#document_url'
  [1m[36mActiveStorage::Attachment Load (0.7ms)[0m  [1m[34mSELECT "active_storage_attachments".* FROM "active_storage_attachments" WHERE "active_storage_attachments"."record_id" = 13 AND "active_storage_attachments"."record_type" = 'Person' AND "active_storage_attachments"."name" = 'photo' LIMIT 1 /*action='index',application='Backend',controller='persons'*/[0m
  ↳ app/models/person.rb:47:in 'Person#photo_url'
  [1m[36mActiveStorage::Attachment Load (0.6ms)[0m  [1m[34mSELECT "active_storage_attachments".* FROM "active_storage_attachments" WHERE "active_storage_attachments"."record_id" = 13 AND "active_storage_attachments"."record_type" = 'Person' AND "active_storage_attachments"."name" = 'document' LIMIT 1 /*action='index',application='Backend',controller='persons'*/[0m
  ↳ app/models/person.rb:51:in 'Person#document_url'
  [1m[36mActiveStorage::Attachment Load (0.6ms)[0m  [1m[34mSELECT "active_storage_attachments".* FROM "active_storage_attachments" WHERE "active_storage_attachments"."record_id" = 2 AND "active_storage_attachments"."record_type" = 'Person' AND "active_storage_attachments"."name" = 'photo' LIMIT 1 /*action='index',application='Backend',controller='persons'*/[0m
  ↳ app/models/person.rb:47:in 'Person#photo_url'
  [1m[36mActiveStorage::Attachment Load (0.6ms)[0m  [1m[34mSELECT "active_storage_attachments".* FROM "active_storage_attachments" WHERE "active_storage_attachments"."record_id" = 2 AND "active_storage_attachments"."record_type" = 'Person' AND "active_storage_attachments"."name" = 'document' LIMIT 1 /*action='index',application='Backend',controller='persons'*/[0m
  ↳ app/models/person.rb:51:in 'Person#document_url'
  [1m[36mActiveStorage::Attachment Load (0.5ms)[0m  [1m[34mSELECT "active_storage_attachments".* FROM "active_storage_attachments" WHERE "active_storage_attachments"."record_id" = 5 AND "active_storage_attachments"."record_type" = 'Person' AND "active_storage_attachments"."name" = 'photo' LIMIT 1 /*action='index',application='Backend',controller='persons'*/[0m
  ↳ app/models/person.rb:47:in 'Person#photo_url'
  [1m[36mActiveStorage::Attachment Load (0.5ms)[0m  [1m[34mSELECT "active_storage_attachments".* FROM "active_storage_attachments" WHERE "active_storage_attachments"."record_id" = 5 AND "active_storage_attachments"."record_type" = 'Person' AND "active_storage_attachments"."name" = 'document' LIMIT 1 /*action='index',application='Backend',controller='persons'*/[0m
  ↳ app/models/person.rb:51:in 'Person#document_url'
  [1m[36mActiveStorage::Attachment Load (0.5ms)[0m  [1m[34mSELECT "active_storage_attachments".* FROM "active_storage_attachments" WHERE "active_storage_attachments"."record_id" = 9 AND "active_storage_attachments"."record_type" = 'Person' AND "active_storage_attachments"."name" = 'photo' LIMIT 1 /*action='index',application='Backend',controller='persons'*/[0m
  ↳ app/models/person.rb:47:in 'Person#photo_url'
  [1m[36mActiveStorage::Attachment Load (0.5ms)[0m  [1m[34mSELECT "active_storage_attachments".* FROM "active_storage_attachments" WHERE "active_storage_attachments"."record_id" = 9 AND "active_storage_attachments"."record_type" = 'Person' AND "active_storage_attachments"."name" = 'document' LIMIT 1 /*action='index',application='Backend',controller='persons'*/[0m
  ↳ app/models/person.rb:51:in 'Person#document_url'
  [1m[36mActiveStorage::Attachment Load (0.7ms)[0m  [1m[34mSELECT "active_storage_attachments".* FROM "active_storage_attachments" WHERE "active_storage_attachments"."record_id" = 6 AND "active_storage_attachments"."record_type" = 'Person' AND "active_storage_attachments"."name" = 'photo' LIMIT 1 /*action='index',application='Backend',controller='persons'*/[0m
  ↳ app/models/person.rb:47:in 'Person#photo_url'
  [1m[36mActiveStorage::Attachment Load (0.6ms)[0m  [1m[34mSELECT "active_storage_attachments".* FROM "active_storage_attachments" WHERE "active_storage_attachments"."record_id" = 6 AND "active_storage_attachments"."record_type" = 'Person' AND "active_storage_attachments"."name" = 'document' LIMIT 1 /*action='index',application='Backend',controller='persons'*/[0m
  ↳ app/models/person.rb:51:in 'Person#document_url'
  [1m[36mActiveStorage::Attachment Load (0.5ms)[0m  [1m[34mSELECT "active_storage_attachments".* FROM "active_storage_attachments" WHERE "active_storage_attachments"."record_id" = 1 AND "active_storage_attachments"."record_type" = 'Person' AND "active_storage_attachments"."name" = 'photo' LIMIT 1 /*action='index',application='Backend',controller='persons'*/[0m
  ↳ app/models/person.rb:47:in 'Person#photo_url'
  [1m[36mActiveStorage::Attachment Load (0.5ms)[0m  [1m[34mSELECT "active_storage_attachments".* FROM "active_storage_attachments" WHERE "active_storage_attachments"."record_id" = 1 AND "active_storage_attachments"."record_type" = 'Person' AND "active_storage_attachments"."name" = 'document' LIMIT 1 /*action='index',application='Backend',controller='persons'*/[0m
  ↳ app/models/person.rb:51:in 'Person#document_url'
  [1m[36mActiveStorage::Attachment Load (2.3ms)[0m  [1m[34mSELECT "active_storage_attachments".* FROM "active_storage_attachments" WHERE "active_storage_attachments"."record_id" = 4 AND "active_storage_attachments"."record_type" = 'Person' AND "active_storage_attachments"."name" = 'photo' LIMIT 1 /*action='index',application='Backend',controller='persons'*/[0m
  ↳ app/models/person.rb:47:in 'Person#photo_url'
  [1m[36mActiveStorage::Attachment Load (0.5ms)[0m  [1m[34mSELECT "active_storage_attachments".* FROM "active_storage_attachments" WHERE "active_storage_attachments"."record_id" = 4 AND "active_storage_attachments"."record_type" = 'Person' AND "active_storage_attachments"."name" = 'document' LIMIT 1 /*action='index',application='Backend',controller='persons'*/[0m
  ↳ app/models/person.rb:51:in 'Person#document_url'
  [1m[36mActiveStorage::Attachment Load (0.5ms)[0m  [1m[34mSELECT "active_storage_attachments".* FROM "active_storage_attachments" WHERE "active_storage_attachments"."record_id" = 3 AND "active_storage_attachments"."record_type" = 'Person' AND "active_storage_attachments"."name" = 'photo' LIMIT 1 /*action='index',application='Backend',controller='persons'*/[0m
  ↳ app/models/person.rb:47:in 'Person#photo_url'
  [1m[36mActiveStorage::Attachment Load (0.6ms)[0m  [1m[34mSELECT "active_storage_attachments".* FROM "active_storage_attachments" WHERE "active_storage_attachments"."record_id" = 3 AND "active_storage_attachments"."record_type" = 'Person' AND "active_storage_attachments"."name" = 'document' LIMIT 1 /*action='index',application='Backend',controller='persons'*/[0m
  ↳ app/models/person.rb:51:in 'Person#document_url'
  [1m[36mActiveStorage::Attachment Load (0.5ms)[0m  [1m[34mSELECT "active_storage_attachments".* FROM "active_storage_attachments" WHERE "active_storage_attachments"."record_id" = 11 AND "active_storage_attachments"."record_type" = 'Person' AND "active_storage_attachments"."name" = 'photo' LIMIT 1 /*action='index',application='Backend',controller='persons'*/[0m
  ↳ app/models/person.rb:47:in 'Person#photo_url'
  [1m[36mActiveStorage::Attachment Load (0.7ms)[0m  [1m[34mSELECT "active_storage_attachments".* FROM "active_storage_attachments" WHERE "active_storage_attachments"."record_id" = 11 AND "active_storage_attachments"."record_type" = 'Person' AND "active_storage_attachments"."name" = 'document' LIMIT 1 /*action='index',application='Backend',controller='persons'*/[0m
  ↳ app/models/person.rb:51:in 'Person#document_url'
  [1m[36mActiveStorage::Attachment Load (0.5ms)[0m  [1m[34mSELECT "active_storage_attachments".* FROM "active_storage_attachments" WHERE "active_storage_attachments"."record_id" = 10 AND "active_storage_attachments"."record_type" = 'Person' AND "active_storage_attachments"."name" = 'photo' LIMIT 1 /*action='index',application='Backend',controller='persons'*/[0m
  ↳ app/models/person.rb:47:in 'Person#photo_url'
  [1m[36mActiveStorage::Attachment Load (0.5ms)[0m  [1m[34mSELECT "active_storage_attachments".* FROM "active_storage_attachments" WHERE "active_storage_attachments"."record_id" = 10 AND "active_storage_attachments"."record_type" = 'Person' AND "active_storage_attachments"."name" = 'document' LIMIT 1 /*action='index',application='Backend',controller='persons'*/[0m
  ↳ app/models/person.rb:51:in 'Person#document_url'
  [1m[36mActiveStorage::Attachment Load (0.5ms)[0m  [1m[34mSELECT "active_storage_attachments".* FROM "active_storage_attachments" WHERE "active_storage_attachments"."record_id" = 12 AND "active_storage_attachments"."record_type" = 'Person' AND "active_storage_attachments"."name" = 'photo' LIMIT 1 /*action='index',application='Backend',controller='persons'*/[0m
  ↳ app/models/person.rb:47:in 'Person#photo_url'
  [1m[36mActiveStorage::Attachment Load (0.5ms)[0m  [1m[34mSELECT "active_storage_attachments".* FROM "active_storage_attachments" WHERE "active_storage_attachments"."record_id" = 12 AND "active_storage_attachments"."record_type" = 'Person' AND "active_storage_attachments"."name" = 'document' LIMIT 1 /*action='index',application='Backend',controller='persons'*/[0m
  ↳ app/models/person.rb:51:in 'Person#document_url'
  [1m[36mActiveStorage::Attachment Load (0.6ms)[0m  [1m[34mSELECT "active_storage_attachments".* FROM "active_storage_attachments" WHERE "active_storage_attachments"."record_id" = 14 AND "active_storage_attachments"."record_type" = 'Person' AND "active_storage_attachments"."name" = 'photo' LIMIT 1 /*action='index',application='Backend',controller='persons'*/[0m
  ↳ app/models/person.rb:47:in 'Person#photo_url'
  [1m[36mActiveStorage::Attachment Load (0.4ms)[0m  [1m[34mSELECT "active_storage_attachments".* FROM "active_storage_attachments" WHERE "active_storage_attachments"."record_id" = 14 AND "active_storage_attachments"."record_type" = 'Person' AND "active_storage_attachments"."name" = 'document' LIMIT 1 /*action='index',application='Backend',controller='persons'*/[0m
  ↳ app/models/person.rb:51:in 'Person#document_url'
  [1m[36mActiveStorage::Attachment Load (0.6ms)[0m  [1m[34mSELECT "active_storage_attachments".* FROM "active_storage_attachments" WHERE "active_storage_attachments"."record_id" = 15 AND "active_storage_attachments"."record_type" = 'Person' AND "active_storage_attachments"."name" = 'photo' LIMIT 1 /*action='index',application='Backend',controller='persons'*/[0m
  ↳ app/models/person.rb:47:in 'Person#photo_url'
  [1m[36mActiveStorage::Attachment Load (0.5ms)[0m  [1m[34mSELECT "active_storage_attachments".* FROM "active_storage_attachments" WHERE "active_storage_attachments"."record_id" = 15 AND "active_storage_attachments"."record_type" = 'Person' AND "active_storage_attachments"."name" = 'document' LIMIT 1 /*action='index',application='Backend',controller='persons'*/[0m
  ↳ app/models/person.rb:51:in 'Person#document_url'
Completed 200 OK in 193ms (Views: 1.8ms | ActiveRecord: 18.9ms (31 queries, 0 cached) | GC: 10.1ms)


